16:50:39.275 [TestNG-tests-2] DEBUG testCases.AccountRegistrationTC - debug logs
16:50:49.301 [TestNG-tests-1] ERROR testCases.AccountRegistrationTC - org.openqa.selenium.ElementNotInteractableException: element not interactable
  (Session info: MicrosoftEdge=145.0.3800.70)
Build info: version: '4.40.0', revision: 'b3333f1'
System info: os.name: 'Windows 11', os.arch: 'amd64', os.version: '10.0', java.version: '25.0.1'
Driver info: org.openqa.selenium.remote.RemoteWebDriver
Command: [3058885427e461a3ae10dd24a35eec44, clickElement {id=f.C452D87DC2F6216EBC82732CE196D908.d.1F9AC505AEDB82C96022C74B3F844870.e.104}]
Capabilities {acceptInsecureCerts: false, browserName: MicrosoftEdge, browserVersion: 145.0.3800.70, fedcm:accounts: true, goog:processID: 13848, ms:edgeOptions: {debuggerAddress: localhost:60463}, msedge: {msedgedriverVersion: 145.0.3800.70 (57ed5ba8de27..., userDataDir: C:\Users\gopal\AppData\Loca...}, networkConnectionEnabled: false, pageLoadStrategy: normal, platformName: Windows 11, proxy: Proxy(), se:bidiEnabled: false, se:cdp: ws://192.168.1.6:4444/sessi..., se:cdpVersion: 145.0.3800.70, setWindowRect: true, strictFileInteractability: false, timeouts: {implicit: 0, pageLoad: 300000, script: 30000}, unhandledPromptBehavior: dismiss and notify, webauthn:extension:credBlob: true, webauthn:extension:largeBlob: true, webauthn:extension:minPinLength: true, webauthn:extension:prf: true, webauthn:virtualAuthenticators: true}
Element: [[RemoteWebDriver: MicrosoftEdge on Windows 11 (3058885427e461a3ae10dd24a35eec44)] -> xpath: //a[normalize-space()='Register']]
Session ID: 3058885427e461a3ae10dd24a35eec44
16:50:49.301 [TestNG-tests-1] DEBUG testCases.AccountRegistrationTC - debug logs
16:50:55.251 [TestNG-tests-1] INFO  testCases.AccountLogin - ***Starting login
16:50:55.256 [TestNG-tests-2] INFO  testCases.AccountLogin - ***Starting login
16:50:55.593 [TestNG-tests-1] INFO  testCases.AccountLogin - ***clicked on account
16:50:55.750 [TestNG-tests-2] INFO  testCases.AccountLogin - ***clicked on account
16:51:05.873 [TestNG-tests-1] ERROR testCases.AccountLogin - org.openqa.selenium.ElementNotInteractableException: element not interactable
  (Session info: MicrosoftEdge=145.0.3800.70)
Build info: version: '4.40.0', revision: 'b3333f1'
System info: os.name: 'Windows 11', os.arch: 'amd64', os.version: '10.0', java.version: '25.0.1'
Driver info: org.openqa.selenium.remote.RemoteWebDriver
Command: [7bca18bc80c7fe01c593add0a226570e, clickElement {id=f.C772FDA56D0AD6C7D31E20EFCAA84982.d.300123513A748112E96F1123E9A6EF43.e.101}]
Capabilities {acceptInsecureCerts: false, browserName: MicrosoftEdge, browserVersion: 145.0.3800.70, fedcm:accounts: true, goog:processID: 27448, ms:edgeOptions: {debuggerAddress: localhost:63459}, msedge: {msedgedriverVersion: 145.0.3800.70 (57ed5ba8de27..., userDataDir: C:\Users\gopal\AppData\Loca...}, networkConnectionEnabled: false, pageLoadStrategy: normal, platformName: Windows 11, proxy: Proxy(), se:bidiEnabled: false, se:cdp: ws://192.168.1.6:4444/sessi..., se:cdpVersion: 145.0.3800.70, setWindowRect: true, strictFileInteractability: false, timeouts: {implicit: 0, pageLoad: 300000, script: 30000}, unhandledPromptBehavior: dismiss and notify, webauthn:extension:credBlob: true, webauthn:extension:largeBlob: true, webauthn:extension:minPinLength: true, webauthn:extension:prf: true, webauthn:virtualAuthenticators: true}
Element: [[RemoteWebDriver: MicrosoftEdge on Windows 11 (7bca18bc80c7fe01c593add0a226570e)] -> xpath: //a[normalize-space()='Login']]
Session ID: 7bca18bc80c7fe01c593add0a226570e
16:51:05.873 [TestNG-tests-1] DEBUG testCases.AccountLogin - debug logs
16:51:15.923 [TestNG-tests-2] ERROR testCases.AccountLogin - org.openqa.selenium.ElementNotInteractableException: element not interactable
  (Session info: MicrosoftEdge=145.0.3800.70)
Build info: version: '4.40.0', revision: 'b3333f1'
System info: os.name: 'Windows 11', os.arch: 'amd64', os.version: '10.0', java.version: '25.0.1'
Driver info: org.openqa.selenium.remote.RemoteWebDriver
Command: [7bca18bc80c7fe01c593add0a226570e, clickElement {id=f.C772FDA56D0AD6C7D31E20EFCAA84982.d.300123513A748112E96F1123E9A6EF43.e.101}]
Capabilities {acceptInsecureCerts: false, browserName: MicrosoftEdge, browserVersion: 145.0.3800.70, fedcm:accounts: true, goog:processID: 27448, ms:edgeOptions: {debuggerAddress: localhost:63459}, msedge: {msedgedriverVersion: 145.0.3800.70 (57ed5ba8de27..., userDataDir: C:\Users\gopal\AppData\Loca...}, networkConnectionEnabled: false, pageLoadStrategy: normal, platformName: Windows 11, proxy: Proxy(), se:bidiEnabled: false, se:cdp: ws://192.168.1.6:4444/sessi..., se:cdpVersion: 145.0.3800.70, setWindowRect: true, strictFileInteractability: false, timeouts: {implicit: 0, pageLoad: 300000, script: 30000}, unhandledPromptBehavior: dismiss and notify, webauthn:extension:credBlob: true, webauthn:extension:largeBlob: true, webauthn:extension:minPinLength: true, webauthn:extension:prf: true, webauthn:virtualAuthenticators: true}
Element: [[RemoteWebDriver: MicrosoftEdge on Windows 11 (7bca18bc80c7fe01c593add0a226570e)] -> xpath: //a[normalize-space()='Login']]
Session ID: 7bca18bc80c7fe01c593add0a226570e
